<?xml version="1.0" encoding="UTF-8"?>
<!-- Generated by org.testng.reporters.JUnitReportReporter -->
<testsuite hostname="Lenovo" failures="0" tests="2" name="testNG.DataProviderExample" time="0.012" errors="0" timestamp="2025-01-26T22:42:22 IST" skipped="0">
  <testcase classname="testNG.DataProviderExample" name="testUserData" time="0.011"/>
  <system-out/>
  <testcase classname="testNG.DataProviderExample" name="testUserData" time="0.001"/>
  <system-out/>
</testsuite> <!-- testNG.DataProviderExample -->
