<?xml version="1.0" encoding="UTF-8"?>
<!-- Generated by org.testng.reporters.JUnitReportReporter -->
<testsuite hostname="Lenovo" failures="0" tests="4" name="testNG.TestNGexample" time="0.013" errors="0" timestamp="2025-01-26T22:05:22 IST" skipped="0">
  <testcase classname="testNG.TestNGexample" name="appleMethod" time="0.010"/>
  <system-out/>
  <testcase classname="testNG.TestNGexample" name="bigMethod" time="0.001"/>
  <system-out/>
  <testcase classname="testNG.TestNGexample" name="manMethod" time="0.002"/>
  <system-out/>
  <testcase classname="testNG.TestNGexample" name="testMethod1" time="0.000"/>
  <system-out/>
</testsuite> <!-- testNG.TestNGexample -->
