<?xml version="1.0" encoding="UTF-8"?>
<!-- Generated by org.testng.reporters.JUnitReportReporter -->
<testsuite hostname="Lenovo" failures="0" tests="1" name="testNG.TestNGparallelExecution" time="0.010" errors="0" timestamp="2025-01-26T22:05:22 IST" skipped="0">
  <testcase classname="testNG.TestNGparallelExecution" name="priority2Method" time="0.010"/>
  <system-out/>
</testsuite> <!-- testNG.TestNGparallelExecution -->
